{
  "department_count": 25,
  "leaf_count": 6818,
  "fetches": 1281,
  "retries": 0,
  "rate_limited": 0,
  "request_limited": false,
  "elapsed_seconds": 741.094,
  "output": "packages/db/seeds/takealot_selection_categories.csv",
  "checkpoint": ".tmp_selection_categories_full_checkpoint.json",
  "resumed_department_count": 25,
  "departments": [
    {
      "slug": "books",
      "name": "Books",
      "leaf_count": 1670,
      "fetches": 217,
      "request_limited": false,
      "time_limited": false,
      "depth_limited": false,
      "limit_limited": false,
      "completed": true
    },
    {
      "slug": "home-kitchen",
      "name": "Home & Kitchen",
      "leaf_count": 628,
      "fetches": 107,
      "request_limited": false,
      "time_limited": false,
      "depth_limited": false,
      "limit_limited": false,
      "completed": true
    },
    {
      "slug": "fashion",
      "name": "Fashion",
      "leaf_count": 281,
      "fetches": 64,
      "request_limited": false,
      "time_limited": false,
      "depth_limited": false,
      "limit_limited": false,
      "completed": true
    },
    {
      "slug": "office-stationery",
      "name": "Office & Stationery",
      "leaf_count": 430,
      "fetches": 73,
      "request_limited": false,
      "time_limited": false,
      "depth_limited": false,
      "limit_limited": false,
      "completed": true
    },
    {
      "slug": "pool-garden",
      "name": "Garden, Pool & Patio",
      "leaf_count": 426,
      "fetches": 79,
      "request_limited": false,
      "time_limited": false,
      "depth_limited": false,
      "limit_limited": false,
      "completed": true
    },
    {
      "slug": "computers",
      "name": "Computers & Tablets",
      "leaf_count": 179,
      "fetches": 40,
      "request_limited": false,
      "time_limited": false,
      "depth_limited": false,
      "limit_limited": false,
      "completed": true
    },
    {
      "slug": "automotive",
      "name": "Automotive",
      "leaf_count": 130,
      "fetches": 20,
      "request_limited": false,
      "time_limited": false,
      "depth_limited": false,
      "limit_limited": false,
      "completed": true
    },
    {
      "slug": "toys",
      "name": "Toys",
      "leaf_count": 206,
      "fetches": 31,
      "request_limited": false,
      "time_limited": false,
      "depth_limited": false,
      "limit_limited": false,
      "completed": true
    },
    {
      "slug": "cellular-gps",
      "name": "Cellphones & Wearables",
      "leaf_count": 48,
      "fetches": 10,
      "request_limited": false,
      "time_limited": false,
      "depth_limited": false,
      "limit_limited": false,
      "completed": true
    },
    {
      "slug": "beauty",
      "name": "Beauty",
      "leaf_count": 383,
      "fetches": 124,
      "request_limited": false,
      "time_limited": false,
      "depth_limited": false,
      "limit_limited": false,
      "completed": true
    },
    {
      "slug": "diy-tools-machinery",
      "name": "DIY Tools & Machinery",
      "leaf_count": 113,
      "fetches": 14,
      "request_limited": false,
      "time_limited": false,
      "depth_limited": false,
      "limit_limited": false,
      "completed": true
    },
    {
      "slug": "health",
      "name": "Health",
      "leaf_count": 228,
      "fetches": 37,
      "request_limited": false,
      "time_limited": false,
      "depth_limited": false,
      "limit_limited": false,
      "completed": true
    },
    {
      "slug": "sport",
      "name": "Sport",
      "leaf_count": 824,
      "fetches": 238,
      "request_limited": false,
      "time_limited": false,
      "depth_limited": false,
      "limit_limited": false,
      "completed": true
    },
    {
      "slug": "camping-outdoor",
      "name": "Camping & Outdoors",
      "leaf_count": 179,
      "fetches": 41,
      "request_limited": false,
      "time_limited": false,
      "depth_limited": false,
      "limit_limited": false,
      "completed": true
    },
    {
      "slug": "baby",
      "name": "Baby & Toddler",
      "leaf_count": 253,
      "fetches": 44,
      "request_limited": false,
      "time_limited": false,
      "depth_limited": false,
      "limit_limited": false,
      "completed": true
    },
    {
      "slug": "cameras",
      "name": "Cameras",
      "leaf_count": 114,
      "fetches": 22,
      "request_limited": false,
      "time_limited": false,
      "depth_limited": false,
      "limit_limited": false,
      "completed": true
    },
    {
      "slug": "household-food-beverages",
      "name": "Household, Food & Beverages",
      "leaf_count": 80,
      "fetches": 12,
      "request_limited": false,
      "time_limited": false,
      "depth_limited": false,
      "limit_limited": false,
      "completed": true
    },
    {
      "slug": "luggage-travel",
      "name": "Luggage & Travel",
      "leaf_count": 110,
      "fetches": 21,
      "request_limited": false,
      "time_limited": false,
      "depth_limited": false,
      "limit_limited": false,
      "completed": true
    },
    {
      "slug": "pets",
      "name": "Pets",
      "leaf_count": 126,
      "fetches": 29,
      "request_limited": false,
      "time_limited": false,
      "depth_limited": false,
      "limit_limited": false,
      "completed": true
    },
    {
      "slug": "music",
      "name": "Music",
      "leaf_count": 220,
      "fetches": 28,
      "request_limited": false,
      "time_limited": false,
      "depth_limited": false,
      "limit_limited": false,
      "completed": true
    },
    {
      "slug": "tv-audio-video",
      "name": "TV, Audio & Video",
      "leaf_count": 52,
      "fetches": 11,
      "request_limited": false,
      "time_limited": false,
      "depth_limited": false,
      "limit_limited": false,
      "completed": true
    },
    {
      "slug": "gaming",
      "name": "Gaming",
      "leaf_count": 29,
      "fetches": 4,
      "request_limited": false,
      "time_limited": false,
      "depth_limited": false,
      "limit_limited": false,
      "completed": true
    },
    {
      "slug": "movies",
      "name": "Movies & Series",
      "leaf_count": 65,
      "fetches": 7,
      "request_limited": false,
      "time_limited": false,
      "depth_limited": false,
      "limit_limited": false,
      "completed": true
    },
    {
      "slug": "liquor",
      "name": "Liquor",
      "leaf_count": 43,
      "fetches": 6,
      "request_limited": false,
      "time_limited": false,
      "depth_limited": false,
      "limit_limited": false,
      "completed": true
    },
    {
      "slug": "vouchers",
      "name": "Vouchers",
      "leaf_count": 1,
      "fetches": 1,
      "request_limited": false,
      "time_limited": false,
      "depth_limited": false,
      "limit_limited": false,
      "completed": true
    }
  ],
  "sample": [
    {
      "name": "Law",
      "category_ref": "law-30896",
      "department_slug": "books",
      "main_category": "Books",
      "category_level1": "Books",
      "category_level2": "Non-Fiction",
      "category_level3": "Law",
      "count": 181854,
      "depth": 3
    },
    {
      "name": "Education & Teaching",
      "category_ref": "education-and-teaching-30394",
      "department_slug": "books",
      "main_category": "Books",
      "category_level1": "Books",
      "category_level2": "Non-Fiction",
      "category_level3": "Education & Teaching",
      "count": 125661,
      "depth": 3
    },
    {
      "name": "Animals",
      "category_ref": "animals-29733",
      "department_slug": "books",
      "main_category": "Books",
      "category_level1": "Books",
      "category_level2": "Children's Books",
      "category_level3": "Animals",
      "count": 43853,
      "depth": 3
    },
    {
      "name": "Activities",
      "category_ref": "activities-29730",
      "department_slug": "books",
      "main_category": "Books",
      "category_level1": "Books",
      "category_level2": "Children's Books",
      "category_level3": "Activities",
      "count": 32315,
      "depth": 3
    },
    {
      "name": "Adventure",
      "category_ref": "adventure-29731",
      "department_slug": "books",
      "main_category": "Books",
      "category_level1": "Books",
      "category_level2": "Children's Books",
      "category_level3": "Adventure",
      "count": 2514,
      "depth": 3
    }
  ]
}
