db_checkout_slow source=new elapsed_ms=1715.91
db_checkout_slow source=pool elapsed_ms=835.41
db_checkout_slow source=pool elapsed_ms=5702.17
db_checkout_slow source=pool elapsed_ms=841.87
db_checkout_slow source=pool elapsed_ms=836.10
db_checkout_slow source=pool elapsed_ms=836.52
db_checkout_slow source=pool elapsed_ms=842.04
db_checkout_slow source=pool elapsed_ms=853.50
db_checkout_slow source=pool elapsed_ms=854.77
db_checkout_slow source=pool elapsed_ms=837.79
db_checkout_slow source=pool elapsed_ms=844.46
db_checkout_slow source=pool elapsed_ms=1119.70
db_checkout_slow source=pool elapsed_ms=833.45
db_checkout_slow source=pool elapsed_ms=838.66
db_checkout_slow source=pool elapsed_ms=838.60
db_checkout_slow source=pool elapsed_ms=847.44
db_checkout_slow source=pool elapsed_ms=835.67
db_checkout_slow source=pool elapsed_ms=853.27
db_checkout_slow source=pool elapsed_ms=835.28
db_checkout_slow source=pool elapsed_ms=848.36
db_checkout_slow source=pool elapsed_ms=866.48
db_checkout_slow source=pool elapsed_ms=856.09
db_checkout_slow source=pool elapsed_ms=842.58
db_checkout_slow source=pool elapsed_ms=843.40
db_checkout_slow source=pool elapsed_ms=836.75
db_checkout_slow source=pool elapsed_ms=836.40
db_checkout_slow source=pool elapsed_ms=848.60
db_checkout_slow source=pool elapsed_ms=850.91
db_checkout_slow source=pool elapsed_ms=844.76
db_checkout_slow source=pool elapsed_ms=844.52
db_checkout_slow source=pool elapsed_ms=857.60
db_checkout_slow source=pool elapsed_ms=837.33
db_checkout_slow source=pool elapsed_ms=839.66
db_checkout_slow source=pool elapsed_ms=852.13
db_checkout_slow source=pool elapsed_ms=861.97
db_checkout_slow source=pool elapsed_ms=847.10
db_checkout_slow source=pool elapsed_ms=844.02
db_checkout_slow source=pool elapsed_ms=836.65
db_checkout_slow source=pool elapsed_ms=845.51
db_checkout_slow source=pool elapsed_ms=849.11
db_checkout_slow source=pool elapsed_ms=835.81
db_checkout_slow source=pool elapsed_ms=836.79
db_checkout_slow source=pool elapsed_ms=833.58
db_checkout_slow source=pool elapsed_ms=846.62
db_checkout_slow source=pool elapsed_ms=838.86
db_checkout_slow source=pool elapsed_ms=852.37
db_checkout_slow source=pool elapsed_ms=851.68
db_checkout_slow source=pool elapsed_ms=836.10
db_checkout_slow source=pool elapsed_ms=845.42
db_checkout_slow source=pool elapsed_ms=849.55
db_checkout_slow source=pool elapsed_ms=849.45
db_checkout_slow source=pool elapsed_ms=841.29
db_checkout_slow source=pool elapsed_ms=853.68
db_checkout_slow source=pool elapsed_ms=844.46
db_checkout_slow source=pool elapsed_ms=835.58
db_checkout_slow source=pool elapsed_ms=836.75
db_checkout_slow source=pool elapsed_ms=836.89
db_checkout_slow source=pool elapsed_ms=851.75
db_checkout_slow source=pool elapsed_ms=845.21
db_checkout_slow source=pool elapsed_ms=848.28
db_checkout_slow source=pool elapsed_ms=845.18
db_checkout_slow source=pool elapsed_ms=842.46
db_checkout_slow source=pool elapsed_ms=859.35
db_checkout_slow source=pool elapsed_ms=835.79
db_checkout_slow source=pool elapsed_ms=839.17
db_checkout_slow source=pool elapsed_ms=854.31
db_checkout_slow source=pool elapsed_ms=843.45
db_checkout_slow source=pool elapsed_ms=848.67
db_checkout_slow source=pool elapsed_ms=855.25
db_checkout_slow source=pool elapsed_ms=850.04
db_checkout_slow source=pool elapsed_ms=839.32
db_checkout_slow source=pool elapsed_ms=835.67
db_checkout_slow source=pool elapsed_ms=837.04
db_checkout_slow source=pool elapsed_ms=839.22
db_checkout_slow source=pool elapsed_ms=854.21
db_checkout_slow source=pool elapsed_ms=844.01
db_checkout_slow source=pool elapsed_ms=847.72
db_checkout_slow source=pool elapsed_ms=840.02
db_checkout_slow source=pool elapsed_ms=847.54
db_checkout_slow source=pool elapsed_ms=853.87
db_checkout_slow source=pool elapsed_ms=858.96
db_checkout_slow source=pool elapsed_ms=859.82
db_checkout_slow source=pool elapsed_ms=859.47
db_checkout_slow source=pool elapsed_ms=872.12
db_checkout_slow source=pool elapsed_ms=865.93
db_checkout_slow source=pool elapsed_ms=858.01
db_checkout_slow source=pool elapsed_ms=863.79
db_checkout_slow source=pool elapsed_ms=859.73
db_checkout_slow source=pool elapsed_ms=840.31
db_checkout_slow source=pool elapsed_ms=834.74
db_checkout_slow source=pool elapsed_ms=1385.45
db_checkout_slow source=pool elapsed_ms=848.40
db_checkout_slow source=pool elapsed_ms=854.67
db_checkout_slow source=pool elapsed_ms=855.15
db_checkout_slow source=pool elapsed_ms=846.16
db_checkout_slow source=pool elapsed_ms=842.51
db_checkout_slow source=pool elapsed_ms=846.34
db_checkout_slow source=pool elapsed_ms=840.02
db_checkout_slow source=pool elapsed_ms=843.36
db_checkout_slow source=pool elapsed_ms=848.02
db_checkout_slow source=pool elapsed_ms=867.29
db_checkout_slow source=pool elapsed_ms=850.17
db_checkout_slow source=pool elapsed_ms=851.65
db_checkout_slow source=pool elapsed_ms=848.05
db_checkout_slow source=pool elapsed_ms=847.18
db_checkout_slow source=pool elapsed_ms=840.34
db_checkout_slow source=pool elapsed_ms=835.31
db_checkout_slow source=pool elapsed_ms=839.31
db_checkout_slow source=pool elapsed_ms=869.07
db_checkout_slow source=pool elapsed_ms=837.28
db_checkout_slow source=pool elapsed_ms=850.44
db_checkout_slow source=pool elapsed_ms=846.43
db_checkout_slow source=pool elapsed_ms=839.40
db_checkout_slow source=pool elapsed_ms=837.86
db_checkout_slow source=pool elapsed_ms=858.47
db_checkout_slow source=pool elapsed_ms=861.54
db_checkout_slow source=pool elapsed_ms=865.19
db_checkout_slow source=pool elapsed_ms=875.14
db_checkout_slow source=pool elapsed_ms=871.66
db_checkout_slow source=pool elapsed_ms=854.84
db_checkout_slow source=pool elapsed_ms=859.80
db_checkout_slow source=pool elapsed_ms=871.48
db_checkout_slow source=pool elapsed_ms=883.41
db_checkout_slow source=pool elapsed_ms=1385.84
db_checkout_slow source=pool elapsed_ms=883.65
db_checkout_slow source=pool elapsed_ms=863.90
db_checkout_slow source=pool elapsed_ms=864.67
db_checkout_slow source=pool elapsed_ms=863.23
db_checkout_slow source=pool elapsed_ms=865.42
db_checkout_slow source=pool elapsed_ms=1381.80
db_checkout_slow source=pool elapsed_ms=865.31
db_checkout_slow source=pool elapsed_ms=855.00
db_checkout_slow source=pool elapsed_ms=1161.23
db_checkout_slow source=pool elapsed_ms=881.90
db_checkout_slow source=pool elapsed_ms=877.19
db_checkout_slow source=pool elapsed_ms=870.20
db_checkout_slow source=pool elapsed_ms=870.64
db_checkout_slow source=pool elapsed_ms=880.72
db_checkout_slow source=pool elapsed_ms=1400.75
db_checkout_slow source=pool elapsed_ms=879.83
db_checkout_slow source=pool elapsed_ms=862.41
db_checkout_slow source=pool elapsed_ms=872.53
db_checkout_slow source=pool elapsed_ms=865.91
db_checkout_slow source=pool elapsed_ms=868.92
db_checkout_slow source=pool elapsed_ms=852.57
db_checkout_slow source=pool elapsed_ms=874.38
db_checkout_slow source=pool elapsed_ms=869.14
db_checkout_slow source=pool elapsed_ms=879.37
db_checkout_slow source=pool elapsed_ms=866.65
db_checkout_slow source=pool elapsed_ms=886.39
db_checkout_slow source=pool elapsed_ms=877.96
db_checkout_slow source=pool elapsed_ms=874.84
db_checkout_slow source=pool elapsed_ms=856.93
db_checkout_slow source=pool elapsed_ms=881.59
db_checkout_slow source=pool elapsed_ms=893.93
db_checkout_slow source=pool elapsed_ms=875.82
db_checkout_slow source=pool elapsed_ms=1368.26
db_checkout_slow source=pool elapsed_ms=869.44
db_checkout_slow source=pool elapsed_ms=880.54
db_checkout_slow source=pool elapsed_ms=886.84
db_checkout_slow source=pool elapsed_ms=872.41
db_checkout_slow source=pool elapsed_ms=1354.36
db_checkout_slow source=pool elapsed_ms=849.71
db_checkout_slow source=pool elapsed_ms=873.84
db_checkout_slow source=pool elapsed_ms=860.83
db_checkout_slow source=pool elapsed_ms=866.86
db_checkout_slow source=pool elapsed_ms=1144.50
db_checkout_slow source=pool elapsed_ms=852.23
db_checkout_slow source=pool elapsed_ms=851.16
db_checkout_slow source=pool elapsed_ms=842.27
db_checkout_slow source=pool elapsed_ms=872.59
db_checkout_slow source=pool elapsed_ms=1355.86
db_checkout_slow source=pool elapsed_ms=869.98
db_checkout_slow source=pool elapsed_ms=853.83
db_checkout_slow source=pool elapsed_ms=873.85
db_checkout_slow source=pool elapsed_ms=879.38
db_checkout_slow source=pool elapsed_ms=868.97
db_checkout_slow source=pool elapsed_ms=864.48
db_checkout_slow source=pool elapsed_ms=1388.74
db_checkout_slow source=pool elapsed_ms=851.74
db_checkout_slow source=pool elapsed_ms=879.07
db_checkout_slow source=pool elapsed_ms=867.89
db_checkout_slow source=pool elapsed_ms=875.91
db_checkout_slow source=pool elapsed_ms=1887.88
db_checkout_slow source=pool elapsed_ms=875.46
db_checkout_slow source=pool elapsed_ms=883.87
db_checkout_slow source=pool elapsed_ms=889.63
db_checkout_slow source=pool elapsed_ms=1176.86
db_checkout_slow source=pool elapsed_ms=887.83
db_checkout_slow source=pool elapsed_ms=868.55
db_checkout_slow source=pool elapsed_ms=880.41
db_checkout_slow source=pool elapsed_ms=871.62
db_checkout_slow source=pool elapsed_ms=888.99
db_checkout_slow source=pool elapsed_ms=885.55
db_checkout_slow source=pool elapsed_ms=877.95
db_checkout_slow source=pool elapsed_ms=1383.28
db_checkout_slow source=pool elapsed_ms=877.59
db_checkout_slow source=pool elapsed_ms=872.97
db_checkout_slow source=pool elapsed_ms=884.51
db_checkout_slow source=pool elapsed_ms=868.42
db_checkout_slow source=pool elapsed_ms=880.09
db_checkout_slow source=pool elapsed_ms=889.72
db_checkout_slow source=pool elapsed_ms=889.02
db_checkout_slow source=pool elapsed_ms=887.64
db_checkout_slow source=pool elapsed_ms=887.55
db_checkout_slow source=pool elapsed_ms=887.13
db_checkout_slow source=pool elapsed_ms=881.60
db_checkout_slow source=pool elapsed_ms=885.83
db_checkout_slow source=pool elapsed_ms=1390.87
db_checkout_slow source=pool elapsed_ms=1702.70
db_checkout_slow source=pool elapsed_ms=888.55
db_checkout_slow source=pool elapsed_ms=892.84
db_checkout_slow source=pool elapsed_ms=893.51
db_checkout_slow source=pool elapsed_ms=1407.36
db_checkout_slow source=pool elapsed_ms=894.22
db_checkout_slow source=pool elapsed_ms=893.90
db_checkout_slow source=pool elapsed_ms=895.48
db_checkout_slow source=pool elapsed_ms=892.85
db_checkout_slow source=pool elapsed_ms=893.57
db_checkout_slow source=pool elapsed_ms=892.43
db_checkout_slow source=pool elapsed_ms=893.11
db_checkout_slow source=pool elapsed_ms=892.04
db_checkout_slow source=pool elapsed_ms=890.87
db_checkout_slow source=pool elapsed_ms=893.22
db_checkout_slow source=pool elapsed_ms=1925.95
db_checkout_slow source=pool elapsed_ms=1922.54
db_checkout_slow source=pool elapsed_ms=891.65
db_checkout_slow source=pool elapsed_ms=893.46
db_checkout_slow source=pool elapsed_ms=1400.72
db_checkout_slow source=pool elapsed_ms=1411.33
db_checkout_slow source=pool elapsed_ms=1188.54
db_checkout_slow source=pool elapsed_ms=892.60
db_checkout_slow source=pool elapsed_ms=893.88
db_checkout_slow source=pool elapsed_ms=892.11
db_checkout_slow source=pool elapsed_ms=890.79
db_checkout_slow source=pool elapsed_ms=893.73
db_checkout_slow source=pool elapsed_ms=892.87
db_checkout_slow source=pool elapsed_ms=893.36
db_checkout_slow source=pool elapsed_ms=890.73
db_checkout_slow source=pool elapsed_ms=871.13
db_checkout_slow source=pool elapsed_ms=881.55
db_checkout_slow source=pool elapsed_ms=891.36
db_checkout_slow source=pool elapsed_ms=893.14
db_checkout_slow source=pool elapsed_ms=891.85
db_checkout_slow source=pool elapsed_ms=1965.07
db_checkout_slow source=pool elapsed_ms=893.98
db_checkout_slow source=pool elapsed_ms=889.36
db_checkout_slow source=pool elapsed_ms=1410.43
db_checkout_slow source=pool elapsed_ms=1401.83
db_checkout_slow source=pool elapsed_ms=1373.42
db_checkout_slow source=pool elapsed_ms=884.79
db_checkout_slow source=pool elapsed_ms=887.61
db_checkout_slow source=pool elapsed_ms=872.04
db_checkout_slow source=pool elapsed_ms=887.49
db_checkout_slow source=pool elapsed_ms=887.29
db_checkout_slow source=pool elapsed_ms=869.55
db_checkout_slow source=pool elapsed_ms=887.30
db_checkout_slow source=pool elapsed_ms=1727.36
db_checkout_slow source=pool elapsed_ms=1388.72
db_checkout_slow source=pool elapsed_ms=888.32
db_checkout_slow source=pool elapsed_ms=884.52
db_checkout_slow source=pool elapsed_ms=888.36
db_checkout_slow source=pool elapsed_ms=858.24
db_checkout_slow source=pool elapsed_ms=881.94
db_checkout_slow source=pool elapsed_ms=867.05
db_checkout_slow source=pool elapsed_ms=865.09
db_checkout_slow source=pool elapsed_ms=1363.84
db_checkout_slow source=pool elapsed_ms=871.57
db_checkout_slow source=pool elapsed_ms=862.51
db_checkout_slow source=pool elapsed_ms=854.79
db_checkout_slow source=pool elapsed_ms=850.39
db_checkout_slow source=pool elapsed_ms=860.68
db_checkout_slow source=pool elapsed_ms=849.54
db_checkout_slow source=pool elapsed_ms=871.92
db_checkout_slow source=pool elapsed_ms=872.76
db_checkout_slow source=pool elapsed_ms=862.59
db_checkout_slow source=pool elapsed_ms=862.77
db_checkout_slow source=pool elapsed_ms=852.72
db_checkout_slow source=pool elapsed_ms=1154.73
db_checkout_slow source=pool elapsed_ms=855.25
db_checkout_slow source=pool elapsed_ms=861.54
db_checkout_slow source=pool elapsed_ms=849.67
db_checkout_slow source=pool elapsed_ms=849.11
db_checkout_slow source=pool elapsed_ms=854.16
db_checkout_slow source=pool elapsed_ms=842.76
db_checkout_slow source=pool elapsed_ms=870.55
db_checkout_slow source=pool elapsed_ms=853.94
db_checkout_slow source=pool elapsed_ms=854.25
db_checkout_slow source=pool elapsed_ms=863.36
db_checkout_slow source=pool elapsed_ms=882.68
db_checkout_slow source=pool elapsed_ms=856.65
db_checkout_slow source=pool elapsed_ms=1370.99
db_checkout_slow source=pool elapsed_ms=849.68
db_checkout_slow source=pool elapsed_ms=863.14
db_checkout_slow source=pool elapsed_ms=860.28
db_checkout_slow source=pool elapsed_ms=877.48
db_checkout_slow source=pool elapsed_ms=865.91
db_checkout_slow source=pool elapsed_ms=862.27
db_checkout_slow source=pool elapsed_ms=845.68
db_checkout_slow source=pool elapsed_ms=1144.52
db_checkout_slow source=pool elapsed_ms=887.35
db_checkout_slow source=pool elapsed_ms=1703.81
db_checkout_slow source=pool elapsed_ms=854.30
db_checkout_slow source=pool elapsed_ms=859.09
db_checkout_slow source=pool elapsed_ms=1357.10
db_checkout_slow source=pool elapsed_ms=1362.43
db_checkout_slow source=pool elapsed_ms=854.16
db_checkout_slow source=pool elapsed_ms=865.66
db_checkout_slow source=pool elapsed_ms=868.46
db_checkout_slow source=pool elapsed_ms=858.87
db_checkout_slow source=pool elapsed_ms=857.50
db_checkout_slow source=pool elapsed_ms=1134.36
db_checkout_slow source=pool elapsed_ms=834.99
db_checkout_slow source=pool elapsed_ms=869.51
db_checkout_slow source=pool elapsed_ms=844.34
db_checkout_slow source=pool elapsed_ms=836.62
db_checkout_slow source=pool elapsed_ms=834.11
db_checkout_slow source=pool elapsed_ms=834.68
db_checkout_slow source=pool elapsed_ms=840.11
db_checkout_slow source=pool elapsed_ms=838.21
db_checkout_slow source=pool elapsed_ms=836.08
db_checkout_slow source=pool elapsed_ms=832.88
db_checkout_slow source=pool elapsed_ms=835.01
db_checkout_slow source=pool elapsed_ms=835.43
db_checkout_slow source=pool elapsed_ms=833.97
db_checkout_slow source=pool elapsed_ms=834.76
db_checkout_slow source=pool elapsed_ms=834.81
db_checkout_slow source=pool elapsed_ms=834.10
db_checkout_slow source=pool elapsed_ms=837.87
db_checkout_slow source=pool elapsed_ms=834.71
db_checkout_slow source=pool elapsed_ms=834.41
db_checkout_slow source=pool elapsed_ms=892.95
db_checkout_slow source=pool elapsed_ms=835.12
db_checkout_slow source=pool elapsed_ms=834.08
db_checkout_slow source=pool elapsed_ms=834.58
db_checkout_slow source=pool elapsed_ms=839.28
db_checkout_slow source=pool elapsed_ms=834.10
db_checkout_slow source=pool elapsed_ms=834.30
db_checkout_slow source=pool elapsed_ms=834.74
db_checkout_slow source=pool elapsed_ms=834.28
db_checkout_slow source=pool elapsed_ms=834.94
db_checkout_slow source=pool elapsed_ms=834.38
db_checkout_slow source=pool elapsed_ms=1020.93
db_checkout_slow source=pool elapsed_ms=1021.52
db_checkout_slow source=pool elapsed_ms=1022.08
db_checkout_slow source=pool elapsed_ms=1022.20
db_checkout_slow source=pool elapsed_ms=1021.64
db_checkout_slow source=pool elapsed_ms=1021.36
db_checkout_slow source=pool elapsed_ms=1021.43
db_checkout_slow source=pool elapsed_ms=1021.32
db_checkout_slow source=pool elapsed_ms=1021.64
db_checkout_slow source=pool elapsed_ms=1021.40
db_checkout_slow source=pool elapsed_ms=1021.17
db_checkout_slow source=pool elapsed_ms=1021.44
db_checkout_slow source=pool elapsed_ms=1021.06
db_checkout_slow source=pool elapsed_ms=1023.48
db_checkout_slow source=pool elapsed_ms=1021.74
db_checkout_slow source=pool elapsed_ms=1021.14
db_checkout_slow source=pool elapsed_ms=1021.15
db_checkout_slow source=pool elapsed_ms=1021.25
db_checkout_slow source=pool elapsed_ms=1020.99
db_checkout_slow source=pool elapsed_ms=1021.38
db_checkout_slow source=pool elapsed_ms=1021.00
db_checkout_slow source=pool elapsed_ms=1021.49
db_checkout_slow source=pool elapsed_ms=1021.38
db_checkout_slow source=pool elapsed_ms=1021.58
db_checkout_slow source=pool elapsed_ms=1021.33
db_checkout_slow source=pool elapsed_ms=1024.68
db_checkout_slow source=pool elapsed_ms=1021.49
db_checkout_slow source=pool elapsed_ms=1021.03
db_checkout_slow source=pool elapsed_ms=1021.33
db_checkout_slow source=pool elapsed_ms=1021.55
db_checkout_slow source=pool elapsed_ms=1021.39
db_checkout_slow source=pool elapsed_ms=1021.39
db_checkout_slow source=pool elapsed_ms=1021.29
db_checkout_slow source=pool elapsed_ms=1021.65
db_checkout_slow source=pool elapsed_ms=1020.75
db_checkout_slow source=pool elapsed_ms=1021.00
db_checkout_slow source=pool elapsed_ms=1021.21
db_checkout_slow source=pool elapsed_ms=1021.37
db_checkout_slow source=pool elapsed_ms=1021.88
db_checkout_slow source=pool elapsed_ms=1021.82
db_checkout_slow source=pool elapsed_ms=1025.18
db_checkout_slow source=pool elapsed_ms=1021.74
db_checkout_slow source=pool elapsed_ms=1022.01
db_checkout_slow source=pool elapsed_ms=1021.56
db_checkout_slow source=pool elapsed_ms=1021.30
db_checkout_slow source=pool elapsed_ms=1020.70
db_checkout_slow source=pool elapsed_ms=1021.28
db_checkout_slow source=pool elapsed_ms=1022.00
db_checkout_slow source=pool elapsed_ms=1021.30
db_checkout_slow source=pool elapsed_ms=1021.27
db_checkout_slow source=pool elapsed_ms=1021.47
db_checkout_slow source=pool elapsed_ms=1021.35
db_checkout_slow source=pool elapsed_ms=1021.42
db_checkout_slow source=pool elapsed_ms=1021.89
db_checkout_slow source=pool elapsed_ms=1021.42
db_checkout_slow source=pool elapsed_ms=1021.12
db_checkout_slow source=pool elapsed_ms=1021.71
db_checkout_slow source=pool elapsed_ms=1022.53
db_checkout_slow source=pool elapsed_ms=1021.45
db_checkout_slow source=pool elapsed_ms=1022.51
db_checkout_slow source=pool elapsed_ms=1021.75
db_checkout_slow source=pool elapsed_ms=1021.11
db_checkout_slow source=pool elapsed_ms=1020.65
db_checkout_slow source=pool elapsed_ms=1020.83
db_checkout_slow source=pool elapsed_ms=1022.24
db_checkout_slow source=pool elapsed_ms=1021.21
db_checkout_slow source=pool elapsed_ms=1021.11
db_checkout_slow source=pool elapsed_ms=1021.47
db_checkout_slow source=pool elapsed_ms=1021.34
db_checkout_slow source=pool elapsed_ms=1021.26
db_checkout_slow source=pool elapsed_ms=1023.37
db_checkout_slow source=pool elapsed_ms=1021.14
db_checkout_slow source=pool elapsed_ms=1022.25
db_checkout_slow source=pool elapsed_ms=1021.26
db_checkout_slow source=pool elapsed_ms=1021.15
db_checkout_slow source=pool elapsed_ms=1021.27
db_checkout_slow source=pool elapsed_ms=1021.15
db_checkout_slow source=pool elapsed_ms=1021.50
db_checkout_slow source=pool elapsed_ms=1021.62
db_checkout_slow source=pool elapsed_ms=1021.58
db_checkout_slow source=pool elapsed_ms=1022.14
db_checkout_slow source=pool elapsed_ms=1021.19
db_checkout_slow source=pool elapsed_ms=1020.08
db_checkout_slow source=pool elapsed_ms=1020.70
db_checkout_slow source=pool elapsed_ms=1021.50
db_checkout_slow source=pool elapsed_ms=1020.85
db_checkout_slow source=pool elapsed_ms=1021.09
db_checkout_slow source=pool elapsed_ms=1021.12
db_checkout_slow source=pool elapsed_ms=1020.59
db_checkout_slow source=pool elapsed_ms=1021.26
db_checkout_slow source=pool elapsed_ms=1021.52
db_checkout_slow source=pool elapsed_ms=1022.47
db_checkout_slow source=pool elapsed_ms=1021.53
db_checkout_slow source=pool elapsed_ms=1020.95
db_checkout_slow source=pool elapsed_ms=1025.12
db_checkout_slow source=pool elapsed_ms=1020.90
db_checkout_slow source=pool elapsed_ms=1023.33
db_checkout_slow source=pool elapsed_ms=1020.95
db_checkout_slow source=pool elapsed_ms=1020.81
db_checkout_slow source=pool elapsed_ms=1021.56
db_checkout_slow source=pool elapsed_ms=1020.76
db_checkout_slow source=pool elapsed_ms=1021.82
db_checkout_slow source=pool elapsed_ms=1020.61
db_checkout_slow source=pool elapsed_ms=1021.45
db_checkout_slow source=pool elapsed_ms=1020.95
db_checkout_slow source=pool elapsed_ms=1021.48
db_checkout_slow source=pool elapsed_ms=1021.54
db_checkout_slow source=pool elapsed_ms=1020.90
db_checkout_slow source=pool elapsed_ms=1021.71
db_checkout_slow source=pool elapsed_ms=1021.63
db_checkout_slow source=pool elapsed_ms=1021.15
db_checkout_slow source=pool elapsed_ms=1021.04
db_checkout_slow source=pool elapsed_ms=1021.97
db_checkout_slow source=pool elapsed_ms=1021.04
db_checkout_slow source=pool elapsed_ms=1021.06
db_checkout_slow source=pool elapsed_ms=1021.89
db_checkout_slow source=pool elapsed_ms=1021.41
db_checkout_slow source=pool elapsed_ms=1022.23
db_checkout_slow source=pool elapsed_ms=1021.15
db_checkout_slow source=pool elapsed_ms=1020.67
db_checkout_slow source=pool elapsed_ms=1021.08
db_checkout_slow source=pool elapsed_ms=1021.40
db_checkout_slow source=pool elapsed_ms=1021.27
db_checkout_slow source=pool elapsed_ms=1021.71
db_checkout_slow source=pool elapsed_ms=1021.55
db_checkout_slow source=pool elapsed_ms=1021.80
db_checkout_slow source=pool elapsed_ms=1021.55
db_checkout_slow source=pool elapsed_ms=1022.75
db_checkout_slow source=pool elapsed_ms=852.35
db_checkout_slow source=pool elapsed_ms=1021.66
db_checkout_slow source=pool elapsed_ms=1022.54
db_checkout_slow source=pool elapsed_ms=1021.52
db_checkout_slow source=pool elapsed_ms=1021.50
db_checkout_slow source=pool elapsed_ms=1021.25
db_checkout_slow source=pool elapsed_ms=1021.94
db_checkout_slow source=pool elapsed_ms=1021.66
db_checkout_slow source=pool elapsed_ms=1021.51
db_checkout_slow source=pool elapsed_ms=1022.36
db_checkout_slow source=pool elapsed_ms=1021.38
db_checkout_slow source=pool elapsed_ms=1021.09
db_checkout_slow source=pool elapsed_ms=1020.97
db_checkout_slow source=pool elapsed_ms=1021.26
db_checkout_slow source=pool elapsed_ms=1021.23
db_checkout_slow source=pool elapsed_ms=1021.13
db_checkout_slow source=pool elapsed_ms=1021.32
db_checkout_slow source=pool elapsed_ms=1020.98
db_checkout_slow source=pool elapsed_ms=1021.28
db_checkout_slow source=pool elapsed_ms=1021.53
db_checkout_slow source=pool elapsed_ms=1021.51
db_checkout_slow source=pool elapsed_ms=1021.40
db_checkout_slow source=pool elapsed_ms=1021.35
db_checkout_slow source=pool elapsed_ms=1020.47
db_checkout_slow source=pool elapsed_ms=1021.07
db_checkout_slow source=pool elapsed_ms=1021.30
db_checkout_slow source=pool elapsed_ms=1021.47
db_checkout_slow source=pool elapsed_ms=1021.01
db_checkout_slow source=pool elapsed_ms=1021.56
db_checkout_slow source=pool elapsed_ms=1021.15
db_checkout_slow source=pool elapsed_ms=1021.05
db_checkout_slow source=pool elapsed_ms=1021.30
db_checkout_slow source=pool elapsed_ms=1021.68
db_checkout_slow source=pool elapsed_ms=1022.25
db_checkout_slow source=pool elapsed_ms=1021.23
db_checkout_slow source=pool elapsed_ms=1030.46
db_checkout_slow source=pool elapsed_ms=1021.07
db_checkout_slow source=pool elapsed_ms=1023.70
db_checkout_slow source=pool elapsed_ms=1021.35
db_checkout_slow source=pool elapsed_ms=1020.89
db_checkout_slow source=pool elapsed_ms=1023.97
db_checkout_slow source=pool elapsed_ms=1021.94
db_checkout_slow source=pool elapsed_ms=1021.62
db_checkout_slow source=pool elapsed_ms=1021.89
db_checkout_slow source=pool elapsed_ms=1021.64
db_checkout_slow source=pool elapsed_ms=1021.10
db_checkout_slow source=pool elapsed_ms=1021.08
db_checkout_slow source=pool elapsed_ms=1020.92
db_checkout_slow source=pool elapsed_ms=1024.81
db_checkout_slow source=pool elapsed_ms=1021.26
db_checkout_slow source=pool elapsed_ms=1020.96
db_checkout_slow source=pool elapsed_ms=1024.94
db_checkout_slow source=pool elapsed_ms=1021.07
db_checkout_slow source=pool elapsed_ms=1021.76
db_checkout_slow source=pool elapsed_ms=1021.47
db_checkout_slow source=pool elapsed_ms=1020.95
db_checkout_slow source=pool elapsed_ms=1022.49
db_checkout_slow source=pool elapsed_ms=1020.64
db_checkout_slow source=pool elapsed_ms=1021.56
db_checkout_slow source=pool elapsed_ms=1021.68
db_checkout_slow source=pool elapsed_ms=1021.22
db_checkout_slow source=pool elapsed_ms=1021.92
db_checkout_slow source=pool elapsed_ms=1021.49
db_checkout_slow source=pool elapsed_ms=1021.76
db_checkout_slow source=pool elapsed_ms=1027.54
db_checkout_slow source=pool elapsed_ms=1021.10
db_checkout_slow source=pool elapsed_ms=1021.19
db_checkout_slow source=pool elapsed_ms=1022.00
db_checkout_slow source=pool elapsed_ms=1021.07
db_checkout_slow source=pool elapsed_ms=1021.28
db_checkout_slow source=pool elapsed_ms=1020.57
db_checkout_slow source=pool elapsed_ms=1021.21
db_checkout_slow source=pool elapsed_ms=1021.77
db_checkout_slow source=pool elapsed_ms=1021.05
db_checkout_slow source=pool elapsed_ms=1021.18
db_checkout_slow source=pool elapsed_ms=1021.49
db_checkout_slow source=pool elapsed_ms=1025.79
db_checkout_slow source=pool elapsed_ms=1021.41
Traceback (most recent call last):
  File "D:\ĐˇşÚerp\packages\db\scripts\takealot_selection_backfill_details.py", line 364, in <module>
    main()
  File "D:\ĐˇşÚerp\packages\db\scripts\takealot_selection_backfill_details.py", line 359, in main
    result = asyncio.run(run(args))
             ^^^^^^^^^^^^^^^^^^^^^^
  File "C:\Program Files\Python312\Lib\asyncio\runners.py", line 194, in run
    return runner.run(main)
           ^^^^^^^^^^^^^^^^
  File "C:\Program Files\Python312\Lib\asyncio\runners.py", line 118, in run
    return self._loop.run_until_complete(task)
           ^^^^^^^^^^^^^^^^^^^^^^^^^^^^^^^^^^^
  File "C:\Program Files\Python312\Lib\asyncio\base_events.py", line 686, in run_until_complete
    return future.result()
           ^^^^^^^^^^^^^^^
  File "D:\ĐˇşÚerp\packages\db\scripts\takealot_selection_backfill_details.py", line 287, in run
    cycle_result = await process_targets(args, targets, snapshot_week=snapshot_week)
                   ^^^^^^^^^^^^^^^^^^^^^^^^^^^^^^^^^^^^^^^^^^^^^^^^^^^^^^^^^^^^^^^^^
  File "D:\ĐˇşÚerp\packages\db\scripts\takealot_selection_backfill_details.py", line 255, in process_targets
    persisted = persist_results(batch_results, snapshot_week=snapshot_week, dry_run=args.dry_run)
                ^^^^^^^^^^^^^^^^^^^^^^^^^^^^^^^^^^^^^^^^^^^^^^^^^^^^^^^^^^^^^^^^^^^^^^^^^^^^^^^^^
  File "D:\ĐˇşÚerp\packages\db\scripts\takealot_selection_backfill_details.py", line 202, in persist_results
    cursor.execute(
  File "C:\Program Files\Python312\Lib\site-packages\psycopg\cursor.py", line 117, in execute
    raise ex.with_traceback(None)
psycopg.errors.DiskFull: could not extend file because project size limit (512 MB) has been exceeded
HINT:  This limit is defined by neon.max_cluster_size GUC
